[debug] [2023-06-14T04:16:33.949Z] ----------------------------------------------------------------------
[debug] [2023-06-14T04:16:33.952Z] Command:       C:\Program Files\nodejs\node.exe C:\Program Files\nodejs\node_modules\firebase-tools\lib\bin\firebase.js deploy
[debug] [2023-06-14T04:16:33.953Z] CLI Version:   11.29.1
[debug] [2023-06-14T04:16:33.953Z] Platform:      win32
[debug] [2023-06-14T04:16:33.954Z] Node Version:  v16.19.1
[debug] [2023-06-14T04:16:33.958Z] Time:          Wed Jun 14 2023 01:16:33 GMT-0300 (hora estándar de Argentina)
[debug] [2023-06-14T04:16:33.959Z] ----------------------------------------------------------------------
[debug] 
[debug] [2023-06-14T04:16:33.978Z] >>> [apiv2][query] GET https://firebase-public.firebaseio.com/cli.json [none]
[debug] [2023-06-14T04:16:34.113Z] > command requires scopes: ["email","openid","https://www.googleapis.com/auth/cloudplatformprojects.readonly","https://www.googleapis.com/auth/firebase","https://www.googleapis.com/auth/cloud-platform"]
[debug] [2023-06-14T04:16:34.113Z] > authorizing via signed-in user (maxi.326519@gmail.com)
[debug] [2023-06-14T04:16:34.114Z] [iam] checking project procesos-judiciales-83343 for permissions ["firebase.projects.get","firebasehosting.sites.update"]
[debug] [2023-06-14T04:16:34.115Z] > refreshing access token with scopes: []
[debug] [2023-06-14T04:16:34.116Z] >>> [apiv2][query] POST https://www.googleapis.com/oauth2/v3/token [none]
[debug] [2023-06-14T04:16:34.116Z] >>> [apiv2][body] POST https://www.googleapis.com/oauth2/v3/token [omitted]
[debug] [2023-06-14T04:16:34.275Z] <<< [apiv2][status] POST https://www.googleapis.com/oauth2/v3/token 200
[debug] [2023-06-14T04:16:34.276Z] <<< [apiv2][body] POST https://www.googleapis.com/oauth2/v3/token [omitted]
[debug] [2023-06-14T04:16:34.296Z] >>> [apiv2][query] POST https://cloudresourcemanager.googleapis.com/v1/projects/procesos-judiciales-83343:testIamPermissions [none]
[debug] [2023-06-14T04:16:34.296Z] >>> [apiv2][(partial)header] POST https://cloudresourcemanager.googleapis.com/v1/projects/procesos-judiciales-83343:testIamPermissions x-goog-quota-user=projects/procesos-judiciales-83343
[debug] [2023-06-14T04:16:34.296Z] >>> [apiv2][body] POST https://cloudresourcemanager.googleapis.com/v1/projects/procesos-judiciales-83343:testIamPermissions {"permissions":["firebase.projects.get","firebasehosting.sites.update"]}
[debug] [2023-06-14T04:16:34.458Z] <<< [apiv2][status] GET https://firebase-public.firebaseio.com/cli.json 200
[debug] [2023-06-14T04:16:34.458Z] <<< [apiv2][body] GET https://firebase-public.firebaseio.com/cli.json {"cloudBuildErrorAfter":1594252800000,"cloudBuildWarnAfter":1590019200000,"defaultNode10After":1594252800000,"minVersion":"3.0.5","node8DeploysDisabledAfter":1613390400000,"node8RuntimeDisabledAfter":1615809600000,"node8WarnAfter":1600128000000}
[debug] [2023-06-14T04:16:35.146Z] <<< [apiv2][status] POST https://cloudresourcemanager.googleapis.com/v1/projects/procesos-judiciales-83343:testIamPermissions 200
[debug] [2023-06-14T04:16:35.146Z] <<< [apiv2][body] POST https://cloudresourcemanager.googleapis.com/v1/projects/procesos-judiciales-83343:testIamPermissions {"permissions":["firebase.projects.get","firebasehosting.sites.update"]}
[debug] [2023-06-14T04:16:35.147Z] >>> [apiv2][query] GET https://firebase.googleapis.com/v1beta1/projects/procesos-judiciales-83343 [none]
[debug] [2023-06-14T04:16:35.503Z] <<< [apiv2][status] GET https://firebase.googleapis.com/v1beta1/projects/procesos-judiciales-83343 200
[debug] [2023-06-14T04:16:35.503Z] <<< [apiv2][body] GET https://firebase.googleapis.com/v1beta1/projects/procesos-judiciales-83343 {"projectId":"procesos-judiciales-83343","projectNumber":"280936509359","displayName":"procesos-judiciales","name":"projects/procesos-judiciales-83343","resources":{"hostingSite":"procesos-judiciales-83343"},"state":"ACTIVE","etag":"1_b9a81d85-5c1e-4766-ba56-3d344fd006c7"}
[info] 
[info] === Deploying to 'procesos-judiciales-83343'...
[info] 
[info] i  deploying hosting 
[debug] [2023-06-14T04:16:35.509Z] >>> [apiv2][query] POST https://firebasehosting.googleapis.com/v1beta1/projects/-/sites/procesos-judiciales-83343/versions [none]
[debug] [2023-06-14T04:16:35.509Z] >>> [apiv2][body] POST https://firebasehosting.googleapis.com/v1beta1/projects/-/sites/procesos-judiciales-83343/versions {"status":"CREATED","labels":{"deployment-tool":"cli-firebase"}}
